<?xml version="1.0" encoding="UTF-8"?>
<testsuite name="com.rst.oauth2.google.security.GoogleTokenServicesTest" tests="2" skipped="0" failures="0" errors="0" timestamp="2015-04-01T08:42:02" hostname="Yirgachefe.local" time="0.033">
  <properties/>
  <testcase name="shouldLoadAuthenticationAndTransformValuesToStandardValuesAndAddDomainRole" classname="com.rst.oauth2.google.security.GoogleTokenServicesTest" time="0.027"/>
  <testcase name="shouldLoadAuthenticationAndTransformValuesToStandardValues" classname="com.rst.oauth2.google.security.GoogleTokenServicesTest" time="0.005"/>
  <system-out><![CDATA[]]></system-out>
  <system-err><![CDATA[]]></system-err>
</testsuite>
